+ rm -rf build
+ mkdir build
+ pushd build
~/kyle/conan-example1/build ~/kyle/conan-example1
+ conan install .. --build=missing
Configuration:
[settings]
arch=x86_64
arch_build=x86_64
build_type=Release
compiler=gcc
compiler.libcxx=libstdc++
compiler.version=4.8
os=Linux
os_build=Linux
[options]
[build_requires]
[env]

conanfile.txt: Installing package
Requirements
    bzip2/1.0.8 from 'conan-center' - Cache
    expat/2.2.10 from 'conan-center' - Cache
    openssl/1.1.1i from 'conan-center' - Cache
    pcre/8.44 from 'conan-center' - Cache
    poco/1.9.4 from 'conan-center' - Cache
    sqlite3/3.34.0 from 'conan-center' - Cache
    zlib/1.2.11 from 'conan-center' - Cache
Packages
    bzip2/1.0.8:9060f665b3af45e4f562113d4ba55aeee0451e61 - Cache
    expat/2.2.10:3a5f72c8cd50641b8efa6ed13e6914c6ced2747c - Cache
    openssl/1.1.1i:3a5f72c8cd50641b8efa6ed13e6914c6ced2747c - Cache
    pcre/8.44:d120d770f0b1c75db2737b297be4bdf9ab11749e - Cache
    poco/1.9.4:b5718fd22dd3e307da5d809a5c1515a40651977b - Cache
    sqlite3/3.34.0:c37955af6012bf587bd96c7aacc54308220abe25 - Cache
    zlib/1.2.11:3a5f72c8cd50641b8efa6ed13e6914c6ced2747c - Cache

Installing (downloading, building) binaries...
bzip2/1.0.8: Already installed!
bzip2/1.0.8: Appending PATH environment variable: /root/.conan/data/bzip2/1.0.8/_/_/package/9060f665b3af45e4f562113d4ba55aeee0451e61/bin
expat/2.2.10: Already installed!
openssl/1.1.1i: Already installed!
sqlite3/3.34.0: Already installed!
sqlite3/3.34.0: Appending PATH env var with : /root/.conan/data/sqlite3/3.34.0/_/_/package/c37955af6012bf587bd96c7aacc54308220abe25/bin
zlib/1.2.11: Already installed!
pcre/8.44: Already installed!
pcre/8.44: Appending PATH environment variable: /root/.conan/data/pcre/8.44/_/_/package/d120d770f0b1c75db2737b297be4bdf9ab11749e/bin
poco/1.9.4: Already installed!
conanfile.txt: Generator cmake_find_package created FindPoco.cmake
conanfile.txt: Generator cmake_find_package created FindPCRE.cmake
conanfile.txt: Generator cmake_find_package created FindEXPAT.cmake
conanfile.txt: Generator cmake_find_package created FindSQLite3.cmake
conanfile.txt: Generator cmake_find_package created FindOpenSSL.cmake
conanfile.txt: Generator cmake_find_package created FindBZip2.cmake
conanfile.txt: Generator cmake_find_package created FindZLIB.cmake
conanfile.txt: Generator txt created conanbuildinfo.txt
conanfile.txt: Generated conaninfo.txt
conanfile.txt: Generated graphinfo
+ cmake .. -DCMAKE_BUILD_TYPE=Release -DCMAKE_MODULE_PATH=/root/kyle/conan-example1/build
-- The C compiler identification is GNU 4.8.5
-- The CXX compiler identification is GNU 4.8.5
-- Detecting C compiler ABI info
-- Detecting C compiler ABI info - done
-- Check for working C compiler: /usr/bin/cc - skipped
-- Detecting C compile features
-- Detecting C compile features - done
-- Detecting CXX compiler ABI info
-- Detecting CXX compiler ABI info - done
-- Check for working CXX compiler: /usr/bin/g++ - skipped
-- Detecting CXX compile features
-- Detecting CXX compile features - done
-- Conan: Using autogenerated FindPoco.cmake
-- Found Poco: 1.9.4 (found version "1.9.4") 
-- Library PocoNetSSL found /root/.conan/data/poco/1.9.4/_/_/package/b5718fd22dd3e307da5d809a5c1515a40651977b/lib/libPocoNetSSL.a
-- Found: /root/.conan/data/poco/1.9.4/_/_/package/b5718fd22dd3e307da5d809a5c1515a40651977b/lib/libPocoNetSSL.a
-- Library PocoZip found /root/.conan/data/poco/1.9.4/_/_/package/b5718fd22dd3e307da5d809a5c1515a40651977b/lib/libPocoZip.a
-- Found: /root/.conan/data/poco/1.9.4/_/_/package/b5718fd22dd3e307da5d809a5c1515a40651977b/lib/libPocoZip.a
-- Library PocoDataSQLite found /root/.conan/data/poco/1.9.4/_/_/package/b5718fd22dd3e307da5d809a5c1515a40651977b/lib/libPocoDataSQLite.a
-- Found: /root/.conan/data/poco/1.9.4/_/_/package/b5718fd22dd3e307da5d809a5c1515a40651977b/lib/libPocoDataSQLite.a
-- Library PocoMongoDB found /root/.conan/data/poco/1.9.4/_/_/package/b5718fd22dd3e307da5d809a5c1515a40651977b/lib/libPocoMongoDB.a
-- Found: /root/.conan/data/poco/1.9.4/_/_/package/b5718fd22dd3e307da5d809a5c1515a40651977b/lib/libPocoMongoDB.a
-- Library PocoUtil found /root/.conan/data/poco/1.9.4/_/_/package/b5718fd22dd3e307da5d809a5c1515a40651977b/lib/libPocoUtil.a
-- Found: /root/.conan/data/poco/1.9.4/_/_/package/b5718fd22dd3e307da5d809a5c1515a40651977b/lib/libPocoUtil.a
-- Library PocoRedis found /root/.conan/data/poco/1.9.4/_/_/package/b5718fd22dd3e307da5d809a5c1515a40651977b/lib/libPocoRedis.a
-- Found: /root/.conan/data/poco/1.9.4/_/_/package/b5718fd22dd3e307da5d809a5c1515a40651977b/lib/libPocoRedis.a
-- Library PocoNet found /root/.conan/data/poco/1.9.4/_/_/package/b5718fd22dd3e307da5d809a5c1515a40651977b/lib/libPocoNet.a
-- Found: /root/.conan/data/poco/1.9.4/_/_/package/b5718fd22dd3e307da5d809a5c1515a40651977b/lib/libPocoNet.a
-- Library PocoJSON found /root/.conan/data/poco/1.9.4/_/_/package/b5718fd22dd3e307da5d809a5c1515a40651977b/lib/libPocoJSON.a
-- Found: /root/.conan/data/poco/1.9.4/_/_/package/b5718fd22dd3e307da5d809a5c1515a40651977b/lib/libPocoJSON.a
-- Library PocoData found /root/.conan/data/poco/1.9.4/_/_/package/b5718fd22dd3e307da5d809a5c1515a40651977b/lib/libPocoData.a
-- Found: /root/.conan/data/poco/1.9.4/_/_/package/b5718fd22dd3e307da5d809a5c1515a40651977b/lib/libPocoData.a
-- Library PocoCrypto found /root/.conan/data/poco/1.9.4/_/_/package/b5718fd22dd3e307da5d809a5c1515a40651977b/lib/libPocoCrypto.a
-- Found: /root/.conan/data/poco/1.9.4/_/_/package/b5718fd22dd3e307da5d809a5c1515a40651977b/lib/libPocoCrypto.a
-- Library PocoXML found /root/.conan/data/poco/1.9.4/_/_/package/b5718fd22dd3e307da5d809a5c1515a40651977b/lib/libPocoXML.a
-- Found: /root/.conan/data/poco/1.9.4/_/_/package/b5718fd22dd3e307da5d809a5c1515a40651977b/lib/libPocoXML.a
-- Library PocoEncodings found /root/.conan/data/poco/1.9.4/_/_/package/b5718fd22dd3e307da5d809a5c1515a40651977b/lib/libPocoEncodings.a
-- Found: /root/.conan/data/poco/1.9.4/_/_/package/b5718fd22dd3e307da5d809a5c1515a40651977b/lib/libPocoEncodings.a
-- Library PocoFoundation found /root/.conan/data/poco/1.9.4/_/_/package/b5718fd22dd3e307da5d809a5c1515a40651977b/lib/libPocoFoundation.a
-- Found: /root/.conan/data/poco/1.9.4/_/_/package/b5718fd22dd3e307da5d809a5c1515a40651977b/lib/libPocoFoundation.a
-- Conan: Using autogenerated FindPCRE.cmake
-- Found PCRE: 8.44 (found version "8.44") 
-- Library pcreposix found /root/.conan/data/pcre/8.44/_/_/package/d120d770f0b1c75db2737b297be4bdf9ab11749e/lib/libpcreposix.a
-- Found: /root/.conan/data/pcre/8.44/_/_/package/d120d770f0b1c75db2737b297be4bdf9ab11749e/lib/libpcreposix.a
-- Library pcre found /root/.conan/data/pcre/8.44/_/_/package/d120d770f0b1c75db2737b297be4bdf9ab11749e/lib/libpcre.a
-- Found: /root/.conan/data/pcre/8.44/_/_/package/d120d770f0b1c75db2737b297be4bdf9ab11749e/lib/libpcre.a
-- Library pcre16 found /root/.conan/data/pcre/8.44/_/_/package/d120d770f0b1c75db2737b297be4bdf9ab11749e/lib/libpcre16.a
-- Found: /root/.conan/data/pcre/8.44/_/_/package/d120d770f0b1c75db2737b297be4bdf9ab11749e/lib/libpcre16.a
-- Library pcre32 found /root/.conan/data/pcre/8.44/_/_/package/d120d770f0b1c75db2737b297be4bdf9ab11749e/lib/libpcre32.a
-- Found: /root/.conan/data/pcre/8.44/_/_/package/d120d770f0b1c75db2737b297be4bdf9ab11749e/lib/libpcre32.a
-- Conan: Using autogenerated FindBZip2.cmake
-- Found BZip2: 1.0.8 (found version "1.0.8") 
-- Library bz2 found /root/.conan/data/bzip2/1.0.8/_/_/package/9060f665b3af45e4f562113d4ba55aeee0451e61/lib/libbz2.a
-- Found: /root/.conan/data/bzip2/1.0.8/_/_/package/9060f665b3af45e4f562113d4ba55aeee0451e61/lib/libbz2.a
-- Conan: Using autogenerated FindZLIB.cmake
-- Found ZLIB: 1.2.11 (found version "1.2.11") 
-- Library z found /root/.conan/data/zlib/1.2.11/_/_/package/3a5f72c8cd50641b8efa6ed13e6914c6ced2747c/lib/libz.a
-- Found: /root/.conan/data/zlib/1.2.11/_/_/package/3a5f72c8cd50641b8efa6ed13e6914c6ced2747c/lib/libz.a
-- Library pcre32 found /root/.conan/data/pcre/8.44/_/_/package/d120d770f0b1c75db2737b297be4bdf9ab11749e/lib/libpcre32.a
-- Found: /root/.conan/data/pcre/8.44/_/_/package/d120d770f0b1c75db2737b297be4bdf9ab11749e/lib/libpcre32.a
-- Library pcre16 found /root/.conan/data/pcre/8.44/_/_/package/d120d770f0b1c75db2737b297be4bdf9ab11749e/lib/libpcre16.a
-- Found: /root/.conan/data/pcre/8.44/_/_/package/d120d770f0b1c75db2737b297be4bdf9ab11749e/lib/libpcre16.a
-- Library pcre found /root/.conan/data/pcre/8.44/_/_/package/d120d770f0b1c75db2737b297be4bdf9ab11749e/lib/libpcre.a
-- Found: /root/.conan/data/pcre/8.44/_/_/package/d120d770f0b1c75db2737b297be4bdf9ab11749e/lib/libpcre.a
-- Library pcreposix found /root/.conan/data/pcre/8.44/_/_/package/d120d770f0b1c75db2737b297be4bdf9ab11749e/lib/libpcreposix.a
-- Found: /root/.conan/data/pcre/8.44/_/_/package/d120d770f0b1c75db2737b297be4bdf9ab11749e/lib/libpcreposix.a
-- Dependency ZLIB already found
-- Conan: Using autogenerated FindEXPAT.cmake
-- Found EXPAT: 2.2.10 (found version "2.2.10") 
-- Library expat found /root/.conan/data/expat/2.2.10/_/_/package/3a5f72c8cd50641b8efa6ed13e6914c6ced2747c/lib/libexpat.a
-- Found: /root/.conan/data/expat/2.2.10/_/_/package/3a5f72c8cd50641b8efa6ed13e6914c6ced2747c/lib/libexpat.a
-- Conan: Using autogenerated FindSQLite3.cmake
-- Found SQLite3: 3.34.0 (found version "3.34.0") 
-- Library sqlite3 found /root/.conan/data/sqlite3/3.34.0/_/_/package/c37955af6012bf587bd96c7aacc54308220abe25/lib/libsqlite3.a
-- Found: /root/.conan/data/sqlite3/3.34.0/_/_/package/c37955af6012bf587bd96c7aacc54308220abe25/lib/libsqlite3.a
-- Library sqlite3 found /root/.conan/data/sqlite3/3.34.0/_/_/package/c37955af6012bf587bd96c7aacc54308220abe25/lib/libsqlite3.a
-- Found: /root/.conan/data/sqlite3/3.34.0/_/_/package/c37955af6012bf587bd96c7aacc54308220abe25/lib/libsqlite3.a
-- Conan: Using autogenerated FindOpenSSL.cmake
-- Found OpenSSL: 1.1.1i (found version "1.1.1i") 
-- Library ssl found /root/.conan/data/openssl/1.1.1i/_/_/package/3a5f72c8cd50641b8efa6ed13e6914c6ced2747c/lib/libssl.a
-- Found: /root/.conan/data/openssl/1.1.1i/_/_/package/3a5f72c8cd50641b8efa6ed13e6914c6ced2747c/lib/libssl.a
-- Library crypto found /root/.conan/data/openssl/1.1.1i/_/_/package/3a5f72c8cd50641b8efa6ed13e6914c6ced2747c/lib/libcrypto.a
-- Found: /root/.conan/data/openssl/1.1.1i/_/_/package/3a5f72c8cd50641b8efa6ed13e6914c6ced2747c/lib/libcrypto.a
-- Library crypto found /root/.conan/data/openssl/1.1.1i/_/_/package/3a5f72c8cd50641b8efa6ed13e6914c6ced2747c/lib/libcrypto.a
-- Found: /root/.conan/data/openssl/1.1.1i/_/_/package/3a5f72c8cd50641b8efa6ed13e6914c6ced2747c/lib/libcrypto.a
-- Library ssl found /root/.conan/data/openssl/1.1.1i/_/_/package/3a5f72c8cd50641b8efa6ed13e6914c6ced2747c/lib/libssl.a
-- Found: /root/.conan/data/openssl/1.1.1i/_/_/package/3a5f72c8cd50641b8efa6ed13e6914c6ced2747c/lib/libssl.a
-- Configuring done
-- Generating done
-- Build files have been written to: /root/kyle/conan-example1/build
+ cmake --build .
[ 50%] Building CXX object CMakeFiles/md5.dir/md5.cpp.o
[100%] Linking CXX executable md5
[100%] Built target md5
+ ./md5
c3fcd3d76192e4007dfb496cca67e13b